<?xml version="1.0" encoding="UTF-8"?>
<!-- Generated by org.testng.reporters.JUnitReportReporter -->
<testsuite name="com.test.automatiom.dealReg.w3_Approval.Admin" tests="1" time="244.026" ignored="0" failures="0" timestamp="28 Jun 2017 09:27:03 GMT" skipped="0" hostname="IBM781-PC0DPPRH" errors="0">
  <testcase name="Approve_Form" time="244.026" classname="com.test.automatiom.dealReg.w3_Approval.Admin"/>
</testsuite> <!-- com.test.automatiom.dealReg.w3_Approval.Admin -->
